<?xml version="1.0" encoding="utf-8"?><testsuites name="pytest tests"><testsuite name="pytest" errors="0" failures="0" skipped="0" tests="29" time="7.656" timestamp="2026-09-06T21:34:47.620891+00:00" hostname="agent-env-28bb2990-2ab2-4362-908e-1c7767b07499"><testcase classname="tests.test_feature_regression" name="test_vehicle_search_normalization" time="0.710" /><testcase classname="tests.test_roadmesh_api.TestAuth" name="test_register_and_seed" time="1.014" /><testcase classname="tests.test_feature_regression" name="test_vehicle_search_partial_and_punctuation_only" time="0.165" /><testcase classname="tests.test_feature_regression" name="test_media_upload_and_binary_download" time="0.641" /><testcase classname="tests.test_roadmesh_api.TestAuth" name="test_register_duplicate" time="0.116" /><testcase classname="tests.test_roadmesh_api.TestAuth" name="test_login_success" time="0.346" /><testcase classname="tests.test_roadmesh_api.TestAuth" name="test_login_invalid" time="0.347" /><testcase classname="tests.test_roadmesh_api.TestAuth" name="test_me_no_token" time="0.222" /><testcase classname="tests.test_feature_regression" name="test_media_tenant_isolation_and_invalid_file" time="1.043" /><testcase classname="tests.test_roadmesh_api.TestAuth" name="test_me_with_token" time="0.071" /><testcase classname="tests.test_roadmesh_api.TestTenantIsolation" name="test_a_cannot_see_b_data" time="0.593" /><testcase classname="tests.test_feature_regression" name="test_media_oversize_rejected" time="0.490" /><testcase classname="tests.test_roadmesh_api.TestTenantIsolation" name="test_a_cannot_update_b_vehicle" time="0.139" /><testcase classname="tests.test_roadmesh_api.TestInvoices" name="test_invoice_from_wo" time="0.319" /><testcase classname="tests.test_feature_regression" name="test_damage_create_persists_and_rejects_invalid" time="1.107" /><testcase classname="tests.test_roadmesh_api.TestInvoices" name="test_invoice_bad_wo" time="0.080" /><testcase classname="tests.test_roadmesh_api.TestHealth" name="test_root" time="0.115" /><testcase classname="tests.test_roadmesh_api.TestDashboard" name="test_dashboard" time="0.091" /><testcase classname="tests.test_roadmesh_api.TestClientsCRUD" name="test_create_get_update_delete" time="0.601" /><testcase classname="tests.test_roadmesh_api.TestVehiclesCRUD" name="test_full_flow" time="0.574" /><testcase classname="tests.test_feature_regression" name="test_quote_create_starts_draft_and_requires_explicit_send" time="0.413" /><testcase classname="tests.test_feature_regression" name="test_invoice_pdf_binary_headers_auth_and_tenant" time="0.550" /><testcase classname="tests.test_roadmesh_api.TestProductsCRUD" name="test_full_flow" time="0.695" /><testcase classname="tests.test_feature_regression" name="test_invoice_pdf_snapshot_stability_after_source_changes" time="0.487" /><testcase classname="tests.test_roadmesh_api.TestWorkOrders" name="test_create_with_stock_discount" time="0.812" /><testcase classname="tests.test_feature_regression" name="test_invoice_pdf_multi_page_long_items" time="0.436" /><testcase classname="tests.test_roadmesh_api.TestPurchaseOrders" name="test_create_and_receive" time="0.472" /><testcase classname="tests.test_roadmesh_api.TestQuotes" name="test_quote_lifecycle" time="1.026" /><testcase classname="tests.test_roadmesh_api.TestPhotos" name="test_photo_flow" time="0.727" /></testsuite></testsuites>