<?xml version="1.0" encoding="utf-8"?><testsuites name="pytest tests"><testsuite name="pytest" errors="0" failures="0" skipped="0" tests="19" time="4.793" timestamp="2026-09-06T21:06:48.783648+00:00" hostname="agent-env-28bb2990-2ab2-4362-908e-1c7767b07499"><testcase classname="tests.test_roadmesh_api.TestAuth" name="test_register_and_seed" time="1.299" /><testcase classname="tests.test_roadmesh_api.TestTenantIsolation" name="test_a_cannot_see_b_data" time="1.297" /><testcase classname="tests.test_roadmesh_api.TestTenantIsolation" name="test_a_cannot_update_b_vehicle" time="0.142" /><testcase classname="tests.test_roadmesh_api.TestAuth" name="test_register_duplicate" time="0.115" /><testcase classname="tests.test_roadmesh_api.TestAuth" name="test_login_success" time="0.364" /><testcase classname="tests.test_roadmesh_api.TestInvoices" name="test_invoice_from_wo" time="0.691" /><testcase classname="tests.test_roadmesh_api.TestAuth" name="test_login_invalid" time="0.356" /><testcase classname="tests.test_roadmesh_api.TestInvoices" name="test_invoice_bad_wo" time="0.060" /><testcase classname="tests.test_roadmesh_api.TestAuth" name="test_me_no_token" time="0.115" /><testcase classname="tests.test_roadmesh_api.TestHealth" name="test_root" time="0.131" /><testcase classname="tests.test_roadmesh_api.TestAuth" name="test_me_with_token" time="0.066" /><testcase classname="tests.test_roadmesh_api.TestClientsCRUD" name="test_create_get_update_delete" time="0.575" /><testcase classname="tests.test_roadmesh_api.TestDashboard" name="test_dashboard" time="0.069" /><testcase classname="tests.test_roadmesh_api.TestVehiclesCRUD" name="test_full_flow" time="0.439" /><testcase classname="tests.test_roadmesh_api.TestPurchaseOrders" name="test_create_and_receive" time="0.251" /><testcase classname="tests.test_roadmesh_api.TestProductsCRUD" name="test_full_flow" time="0.657" /><testcase classname="tests.test_roadmesh_api.TestQuotes" name="test_quote_lifecycle" time="0.516" /><testcase classname="tests.test_roadmesh_api.TestWorkOrders" name="test_create_with_stock_discount" time="0.898" /><testcase classname="tests.test_roadmesh_api.TestPhotos" name="test_photo_flow" time="0.573" /></testsuite></testsuites>